# JRE version: Java(TM) SE Runtime Environment (8.0_77-b03) (build 1.8.0_77-b03)
# Java VM: Java HotSpot(TM) 64-Bit Server VM (25.77-b03 mixed mode windows-amd64 compressed oops)
Heap:
 PSYoungGen      total 245248K, used 214735K [0x00000000eab00000, 0x00000000fc380000, 0x0000000100000000)
  eden space 236544K, 87% used [0x00000000eab00000,0x00000000f746eab0,0x00000000f9200000)
  from space 8704K, 97% used [0x00000000f9f80000,0x00000000fa7c5318,0x00000000fa800000)
  to   space 22528K, 0% used [0x00000000fad80000,0x00000000fad80000,0x00000000fc380000)
 ParOldGen       total 98816K, used 62086K [0x00000000c0000000, 0x00000000c6080000, 0x00000000eab00000)
  object space 98816K, 62% used [0x00000000c0000000,0x00000000c3ca1b30,0x00000000c6080000)
 Metaspace       used 66857K, capacity 71066K, committed 71168K, reserved 1110016K
  class space    used 8862K, capacity 9667K, committed 9728K, reserved 1048576K
GC Heap History (10 events):
Event: 476.012 GC heap before
{Heap before GC invocations=22 (full 4):
 PSYoungGen      total 266752K, used 254311K [0x00000000eab00000, 0x00000000fdf00000, 0x0000000100000000)
  eden space 245248K, 100% used [0x00000000eab00000,0x00000000f9a80000,0x00000000f9a80000)
  from space 21504K, 42% used [0x00000000f9a80000,0x00000000fa359c08,0x00000000faf80000)
  to   space 20480K, 0% used [0x00000000fcb00000,0x00000000fcb00000,0x00000000fdf00000)
 ParOldGen       total 98816K, used 50446K [0x00000000c0000000, 0x00000000c6080000, 0x00000000eab00000)
  object space 98816K, 51% used [0x00000000c0000000,0x00000000c3143948,0x00000000c6080000)
 Metaspace       used 58689K, capacity 62356K, committed 62592K, reserved 1103872K
  class space    used 7958K, capacity 8708K, committed 8832K, reserved 1048576K
Event: 476.023 GC heap after
Heap after GC invocations=22 (full 4):
 PSYoungGen      total 250880K, used 14791K [0x00000000eab00000, 0x00000000fd980000, 0x0000000100000000)
  eden space 236032K, 0% used [0x00000000eab00000,0x00000000eab00000,0x00000000f9180000)
  from space 14848K, 99% used [0x00000000fcb00000,0x00000000fd971e10,0x00000000fd980000)
  to   space 20992K, 0% used [0x00000000fb080000,0x00000000fb080000,0x00000000fc500000)
 ParOldGen       total 98816K, used 50454K [0x00000000c0000000, 0x00000000c6080000, 0x00000000eab00000)
  object space 98816K, 51% used [0x00000000c0000000,0x00000000c3145948,0x00000000c6080000)
 Metaspace       used 58689K, capacity 62356K, committed 62592K, reserved 1103872K
  class space    used 7958K, capacity 8708K, committed 8832K, reserved 1048576K
}
Event: 498.191 GC heap before
{Heap before GC invocations=23 (full 4):
 PSYoungGen      total 250880K, used 250823K [0x00000000eab00000, 0x00000000fd980000, 0x0000000100000000)
  eden space 236032K, 100% used [0x00000000eab00000,0x00000000f9180000,0x00000000f9180000)
  from space 14848K, 99% used [0x00000000fcb00000,0x00000000fd971e10,0x00000000fd980000)
  to   space 20992K, 0% used [0x00000000fb080000,0x00000000fb080000,0x00000000fc500000)
 ParOldGen       total 98816K, used 50454K [0x00000000c0000000, 0x00000000c6080000, 0x00000000eab00000)
  object space 98816K, 51% used [0x00000000c0000000,0x00000000c3145948,0x00000000c6080000)
 Metaspace       used 65894K, capacity 69686K, committed 70016K, reserved 1110016K
  class space    used 8769K, capacity 9533K, committed 9600K, reserved 1048576K
Event: 498.205 GC heap after
Heap after GC invocations=23 (full 4):
 PSYoungGen      total 246272K, used 18550K [0x00000000eab00000, 0x00000000fcb80000, 0x0000000100000000)
  eden space 227328K, 0% used [0x00000000eab00000,0x00000000eab00000,0x00000000f8900000)
  from space 18944K, 97% used [0x00000000fb080000,0x00000000fc29db08,0x00000000fc300000)
  to   space 8704K, 0% used [0x00000000fc300000,0x00000000fc300000,0x00000000fcb80000)
 ParOldGen       total 98816K, used 50470K [0x00000000c0000000, 0x00000000c6080000, 0x00000000eab00000)
  object space 98816K, 51% used [0x00000000c0000000,0x00000000c3149948,0x00000000c6080000)
 Metaspace       used 65894K, capacity 69686K, committed 70016K, reserved 1110016K
  class space    used 8769K, capacity 9533K, committed 9600K, reserved 1048576K
}
Event: 503.678 GC heap before
{Heap before GC invocations=24 (full 4):
 PSYoungGen      total 246272K, used 34176K [0x00000000eab00000, 0x00000000fcb80000, 0x0000000100000000)
  eden space 227328K, 6% used [0x00000000eab00000,0x00000000eba428b0,0x00000000f8900000)
  from space 18944K, 97% used [0x00000000fb080000,0x00000000fc29db08,0x00000000fc300000)
  to   space 8704K, 0% used [0x00000000fc300000,0x00000000fc300000,0x00000000fcb80000)
 ParOldGen       total 98816K, used 50470K [0x00000000c0000000, 0x00000000c6080000, 0x00000000eab00000)
  object space 98816K, 51% used [0x00000000c0000000,0x00000000c3149948,0x00000000c6080000)
 Metaspace       used 65921K, capacity 69692K, committed 70016K, reserved 1110016K
  class space    used 8773K, capacity 9534K, committed 9600K, reserved 1048576K
Event: 503.687 GC heap after
Heap after GC invocations=24 (full 4):
 PSYoungGen      total 236032K, used 8672K [0x00000000eab00000, 0x00000000fcb80000, 0x0000000100000000)
  eden space 227328K, 0% used [0x00000000eab00000,0x00000000eab00000,0x00000000f8900000)
  from space 8704K, 99% used [0x00000000fc300000,0x00000000fcb780a0,0x00000000fcb80000)
  to   space 22528K, 0% used [0x00000000f9f80000,0x00000000f9f80000,0x00000000fb580000)
 ParOldGen       total 98816K, used 56127K [0x00000000c0000000, 0x00000000c6080000, 0x00000000eab00000)
  object space 98816K, 56% used [0x00000000c0000000,0x00000000c36cfeb8,0x00000000c6080000)
 Metaspace       used 65921K, capacity 69692K, committed 70016K, reserved 1110016K
  class space    used 8773K, capacity 9534K, committed 9600K, reserved 1048576K
}
Event: 503.687 GC heap before
{Heap before GC invocations=25 (full 5):
 PSYoungGen      total 236032K, used 8672K [0x00000000eab00000, 0x00000000fcb80000, 0x0000000100000000)
  eden space 227328K, 0% used [0x00000000eab00000,0x00000000eab00000,0x00000000f8900000)
  from space 8704K, 99% used [0x00000000fc300000,0x00000000fcb780a0,0x00000000fcb80000)
  to   space 22528K, 0% used [0x00000000f9f80000,0x00000000f9f80000,0x00000000fb580000)
 ParOldGen       total 98816K, used 56127K [0x00000000c0000000, 0x00000000c6080000, 0x00000000eab00000)
  object space 98816K, 56% used [0x00000000c0000000,0x00000000c36cfeb8,0x00000000c6080000)
 Metaspace       used 65921K, capacity 69692K, committed 70016K, reserved 1110016K
  class space    used 8773K, capacity 9534K, committed 9600K, reserved 1048576K
Event: 504.013 GC heap after
Heap after GC invocations=25 (full 5):
 PSYoungGen      total 236032K, used 0K [0x00000000eab00000, 0x00000000fcb80000, 0x0000000100000000)
  eden space 227328K, 0% used [0x00000000eab00000,0x00000000eab00000,0x00000000f8900000)
  from space 8704K, 0% used [0x00000000fc300000,0x00000000fc300000,0x00000000fcb80000)
  to   space 22528K, 0% used [0x00000000f9f80000,0x00000000f9f80000,0x00000000fb580000)
 ParOldGen       total 98816K, used 62078K [0x00000000c0000000, 0x00000000c6080000, 0x00000000eab00000)
  object space 98816K, 62% used [0x00000000c0000000,0x00000000c3c9fb30,0x00000000c6080000)
 Metaspace       used 65823K, capacity 69406K, committed 70016K, reserved 1110016K
  class space    used 8743K, capacity 9504K, committed 9600K, reserved 1048576K
}
Event: 551.801 GC heap before
{Heap before GC invocations=26 (full 5):
 PSYoungGen      total 236032K, used 227328K [0x00000000eab00000, 0x00000000fcb80000, 0x0000000100000000)
  eden space 227328K, 100% used [0x00000000eab00000,0x00000000f8900000,0x00000000f8900000)
  from space 8704K, 0% used [0x00000000fc300000,0x00000000fc300000,0x00000000fcb80000)
  to   space 22528K, 0% used [0x00000000f9f80000,0x00000000f9f80000,0x00000000fb580000)
 ParOldGen       total 98816K, used 62078K [0x00000000c0000000, 0x00000000c6080000, 0x00000000eab00000)
  object space 98816K, 62% used [0x00000000c0000000,0x00000000c3c9fb30,0x00000000c6080000)
 Metaspace       used 66349K, capacity 70268K, committed 70528K, reserved 1110016K
  class space    used 8797K, capacity 9595K, committed 9600K, reserved 1048576K
Event: 551.809 GC heap after
Heap after GC invocations=26 (full 5):
 PSYoungGen      total 245248K, used 8468K [0x00000000eab00000, 0x00000000fc380000, 0x0000000100000000)
  eden space 236544K, 0% used [0x00000000eab00000,0x00000000eab00000,0x00000000f9200000)
  from space 8704K, 97% used [0x00000000f9f80000,0x00000000fa7c5318,0x00000000fa800000)
  to   space 22528K, 0% used [0x00000000fad80000,0x00000000fad80000,0x00000000fc380000)
 ParOldGen       total 98816K, used 62086K [0x00000000c0000000, 0x00000000c6080000, 0x00000000eab00000)
  object space 98816K, 62% used [0x00000000c0000000,0x00000000c3ca1b30,0x00000000c6080000)
 Metaspace       used 66349K, capacity 70268K, committed 70528K, reserved 1110016K
  class space    used 8797K, capacity 9595K, committed 9600K, reserved 1048576K
}

