# JRE version: Java(TM) SE Runtime Environment (8.0_77-b03) (build 1.8.0_77-b03)
# Java VM: Java HotSpot(TM) 64-Bit Server VM (25.77-b03 mixed mode windows-amd64 compressed oops)
Heap:
 PSYoungGen      total 234496K, used 60432K [0x00000000eab00000, 0x00000000faa00000, 0x0000000100000000)
  eden space 216064K, 20% used [0x00000000eab00000,0x00000000ed559e58,0x00000000f7e00000)
  from space 18432K, 92% used [0x00000000f9800000,0x00000000fa8aa3b8,0x00000000faa00000)
  to   space 22528K, 0% used [0x00000000f7e00000,0x00000000f7e00000,0x00000000f9400000)
 ParOldGen       total 98816K, used 41092K [0x00000000c0000000, 0x00000000c6080000, 0x00000000eab00000)
  object space 98816K, 41% used [0x00000000c0000000,0x00000000c2821000,0x00000000c6080000)
 Metaspace       used 54966K, capacity 56920K, committed 57088K, reserved 1097728K
  class space    used 7432K, capacity 7934K, committed 7936K, reserved 1048576K
GC Heap History (10 events):
Event: 9.974 GC heap before
{Heap before GC invocations=15 (full 2):
 PSYoungGen      total 164864K, used 164858K [0x00000000eab00000, 0x00000000f7080000, 0x0000000100000000)
  eden space 153088K, 100% used [0x00000000eab00000,0x00000000f4080000,0x00000000f4080000)
  from space 11776K, 99% used [0x00000000f6500000,0x00000000f707e818,0x00000000f7080000)
  to   space 13824K, 0% used [0x00000000f5580000,0x00000000f5580000,0x00000000f6300000)
 ParOldGen       total 98816K, used 20024K [0x00000000c0000000, 0x00000000c6080000, 0x00000000eab00000)
  object space 98816K, 20% used [0x00000000c0000000,0x00000000c138e0a0,0x00000000c6080000)
 Metaspace       used 47421K, capacity 48610K, committed 48896K, reserved 1091584K
  class space    used 6496K, capacity 6816K, committed 6912K, reserved 1048576K
Event: 9.989 GC heap after
Heap after GC invocations=15 (full 2):
 PSYoungGen      total 188416K, used 13824K [0x00000000eab00000, 0x00000000f8b00000, 0x0000000100000000)
  eden space 174592K, 0% used [0x00000000eab00000,0x00000000eab00000,0x00000000f5580000)
  from space 13824K, 100% used [0x00000000f5580000,0x00000000f6300000,0x00000000f6300000)
  to   space 20992K, 0% used [0x00000000f7680000,0x00000000f7680000,0x00000000f8b00000)
 ParOldGen       total 98816K, used 32538K [0x00000000c0000000, 0x00000000c6080000, 0x00000000eab00000)
  object space 98816K, 32% used [0x00000000c0000000,0x00000000c1fc6930,0x00000000c6080000)
 Metaspace       used 47421K, capacity 48610K, committed 48896K, reserved 1091584K
  class space    used 6496K, capacity 6816K, committed 6912K, reserved 1048576K
}
Event: 10.348 GC heap before
{Heap before GC invocations=16 (full 2):
 PSYoungGen      total 188416K, used 45515K [0x00000000eab00000, 0x00000000f8b00000, 0x0000000100000000)
  eden space 174592K, 18% used [0x00000000eab00000,0x00000000ec9f2fd0,0x00000000f5580000)
  from space 13824K, 100% used [0x00000000f5580000,0x00000000f6300000,0x00000000f6300000)
  to   space 20992K, 0% used [0x00000000f7680000,0x00000000f7680000,0x00000000f8b00000)
 ParOldGen       total 98816K, used 32538K [0x00000000c0000000, 0x00000000c6080000, 0x00000000eab00000)
  object space 98816K, 32% used [0x00000000c0000000,0x00000000c1fc6930,0x00000000c6080000)
 Metaspace       used 48719K, capacity 50034K, committed 50304K, reserved 1093632K
  class space    used 6667K, capacity 7010K, committed 7040K, reserved 1048576K
Event: 10.358 GC heap after
Heap after GC invocations=16 (full 2):
 PSYoungGen      total 207360K, used 3336K [0x00000000eab00000, 0x00000000f8a00000, 0x0000000100000000)
  eden space 187392K, 0% used [0x00000000eab00000,0x00000000eab00000,0x00000000f6200000)
  from space 19968K, 16% used [0x00000000f7680000,0x00000000f79c23a0,0x00000000f8a00000)
  to   space 20480K, 0% used [0x00000000f6200000,0x00000000f6200000,0x00000000f7600000)
 ParOldGen       total 98816K, used 46320K [0x00000000c0000000, 0x00000000c6080000, 0x00000000eab00000)
  object space 98816K, 46% used [0x00000000c0000000,0x00000000c2d3c250,0x00000000c6080000)
 Metaspace       used 48719K, capacity 50034K, committed 50304K, reserved 1093632K
  class space    used 6667K, capacity 7010K, committed 7040K, reserved 1048576K
}
Event: 10.358 GC heap before
{Heap before GC invocations=17 (full 3):
 PSYoungGen      total 207360K, used 3336K [0x00000000eab00000, 0x00000000f8a00000, 0x0000000100000000)
  eden space 187392K, 0% used [0x00000000eab00000,0x00000000eab00000,0x00000000f6200000)
  from space 19968K, 16% used [0x00000000f7680000,0x00000000f79c23a0,0x00000000f8a00000)
  to   space 20480K, 0% used [0x00000000f6200000,0x00000000f6200000,0x00000000f7600000)
 ParOldGen       total 98816K, used 46320K [0x00000000c0000000, 0x00000000c6080000, 0x00000000eab00000)
  object space 98816K, 46% used [0x00000000c0000000,0x00000000c2d3c250,0x00000000c6080000)
 Metaspace       used 48719K, capacity 50034K, committed 50304K, reserved 1093632K
  class space    used 6667K, capacity 7010K, committed 7040K, reserved 1048576K
Event: 10.526 GC heap after
Heap after GC invocations=17 (full 3):
 PSYoungGen      total 207360K, used 0K [0x00000000eab00000, 0x00000000f8a00000, 0x0000000100000000)
  eden space 187392K, 0% used [0x00000000eab00000,0x00000000eab00000,0x00000000f6200000)
  from space 19968K, 0% used [0x00000000f7680000,0x00000000f7680000,0x00000000f8a00000)
  to   space 20480K, 0% used [0x00000000f6200000,0x00000000f6200000,0x00000000f7600000)
 ParOldGen       total 98816K, used 41076K [0x00000000c0000000, 0x00000000c6080000, 0x00000000eab00000)
  object space 98816K, 41% used [0x00000000c0000000,0x00000000c281d000,0x00000000c6080000)
 Metaspace       used 48719K, capacity 50034K, committed 50304K, reserved 1093632K
  class space    used 6667K, capacity 7010K, committed 7040K, reserved 1048576K
}
Event: 18.093 GC heap before
{Heap before GC invocations=18 (full 3):
 PSYoungGen      total 207360K, used 187392K [0x00000000eab00000, 0x00000000f8a00000, 0x0000000100000000)
  eden space 187392K, 100% used [0x00000000eab00000,0x00000000f6200000,0x00000000f6200000)
  from space 19968K, 0% used [0x00000000f7680000,0x00000000f7680000,0x00000000f8a00000)
  to   space 20480K, 0% used [0x00000000f6200000,0x00000000f6200000,0x00000000f7600000)
 ParOldGen       total 98816K, used 41076K [0x00000000c0000000, 0x00000000c6080000, 0x00000000eab00000)
  object space 98816K, 41% used [0x00000000c0000000,0x00000000c281d000,0x00000000c6080000)
 Metaspace       used 51911K, capacity 53564K, committed 53888K, reserved 1095680K
  class space    used 7061K, capacity 7468K, committed 7552K, reserved 1048576K
Event: 18.100 GC heap after
Heap after GC invocations=18 (full 3):
 PSYoungGen      total 207872K, used 11282K [0x00000000eab00000, 0x00000000fac00000, 0x0000000100000000)
  eden space 187392K, 0% used [0x00000000eab00000,0x00000000eab00000,0x00000000f6200000)
  from space 20480K, 55% used [0x00000000f6200000,0x00000000f6d04a40,0x00000000f7600000)
  to   space 20480K, 0% used [0x00000000f9800000,0x00000000f9800000,0x00000000fac00000)
 ParOldGen       total 98816K, used 41084K [0x00000000c0000000, 0x00000000c6080000, 0x00000000eab00000)
  object space 98816K, 41% used [0x00000000c0000000,0x00000000c281f000,0x00000000c6080000)
 Metaspace       used 51911K, capacity 53564K, committed 53888K, reserved 1095680K
  class space    used 7061K, capacity 7468K, committed 7552K, reserved 1048576K
}
Event: 616.755 GC heap before
{Heap before GC invocations=19 (full 3):
 PSYoungGen      total 207872K, used 198674K [0x00000000eab00000, 0x00000000fac00000, 0x0000000100000000)
  eden space 187392K, 100% used [0x00000000eab00000,0x00000000f6200000,0x00000000f6200000)
  from space 20480K, 55% used [0x00000000f6200000,0x00000000f6d04a40,0x00000000f7600000)
  to   space 20480K, 0% used [0x00000000f9800000,0x00000000f9800000,0x00000000fac00000)
 ParOldGen       total 98816K, used 41084K [0x00000000c0000000, 0x00000000c6080000, 0x00000000eab00000)
  object space 98816K, 41% used [0x00000000c0000000,0x00000000c281f000,0x00000000c6080000)
 Metaspace       used 54597K, capacity 56568K, committed 56832K, reserved 1097728K
  class space    used 7402K, capacity 7902K, committed 7936K, reserved 1048576K
Event: 616.767 GC heap after
Heap after GC invocations=19 (full 3):
 PSYoungGen      total 234496K, used 17064K [0x00000000eab00000, 0x00000000faa00000, 0x0000000100000000)
  eden space 216064K, 0% used [0x00000000eab00000,0x00000000eab00000,0x00000000f7e00000)
  from space 18432K, 92% used [0x00000000f9800000,0x00000000fa8aa3b8,0x00000000faa00000)
  to   space 22528K, 0% used [0x00000000f7e00000,0x00000000f7e00000,0x00000000f9400000)
 ParOldGen       total 98816K, used 41092K [0x00000000c0000000, 0x00000000c6080000, 0x00000000eab00000)
  object space 98816K, 41% used [0x00000000c0000000,0x00000000c2821000,0x00000000c6080000)
 Metaspace       used 54597K, capacity 56568K, committed 56832K, reserved 1097728K
  class space    used 7402K, capacity 7902K, committed 7936K, reserved 1048576K
}

